
Create an SSH tunnel via terminal on your local machine:
ssh -N -L 8825:s04r1b14:8825 bsc32025@nord4.bsc.es

[I 2024-01-12 17:55:35.164 ServerApp] jupyterlab | extension was successfully linked.
[I 2024-01-12 17:55:35.586 LabApp] JupyterLab extension loaded from /gpfs/projects/bsc32/software/suselinux/11/software/jupyterlab/3.0.9-foss-2019b-Python-3.7.4/lib/python3.7/site-packages/jupyterlab
[I 2024-01-12 17:55:35.586 LabApp] JupyterLab application directory is /.statelite/tmpfs/gpfs/projects/bsc32/software/suselinux/11/software/jupyterlab/3.0.9-foss-2019b-Python-3.7.4/share/jupyter/lab
[I 2024-01-12 17:55:35.592 ServerApp] jupyterlab | extension was successfully loaded.
[I 2024-01-12 17:55:35.592 ServerApp] Serving notebooks from local directory: /.statelite/tmpfs/gpfs/archive/bsc32/esarchive/obs/ghost/scripts/Providentia-interactive
[I 2024-01-12 17:55:35.592 ServerApp] Jupyter Server 1.4.1 is running at:
[I 2024-01-12 17:55:35.592 ServerApp] http://s04r1b14:8825/lab?token=57a994dfaecf92e5aefd1d5dbc5a9831fb8060f873fd8181
[I 2024-01-12 17:55:35.592 ServerApp]  or http://127.0.0.1:8825/lab?token=57a994dfaecf92e5aefd1d5dbc5a9831fb8060f873fd8181
[I 2024-01-12 17:55:35.592 ServerApp] Use Control-C to stop this server and shut down all kernels (twice to skip confirmation).
[C 2024-01-12 17:55:35.604 ServerApp] 
    
    To access the server, open this file in a browser:
        file:///.statelite/tmpfs/gpfs/home/bsc32/bsc32025/.local/share/jupyter/runtime/jpserver-800644-open.html
    Or copy and paste one of these URLs:
        http://s04r1b14:8825/lab?token=57a994dfaecf92e5aefd1d5dbc5a9831fb8060f873fd8181
     or http://127.0.0.1:8825/lab?token=57a994dfaecf92e5aefd1d5dbc5a9831fb8060f873fd8181
[I 2024-01-12 17:56:09.661 LabApp] Build is up to date
[I 2024-01-12 17:56:12.933 ServerApp] Kernel started: 19b4a05a-e8dd-423b-870a-20280452da12
[I 2024-01-12 17:56:16.994 ServerApp] Kernel restarted: 19b4a05a-e8dd-423b-870a-20280452da12
