remove mkl/2021.4 (LD_LIBRARY_PATH)
remove impi/2021.4 (PATH, MANPATH, LD_LIBRARY_PATH)

The following have been reloaded with a version change:
  1) matplotlib/3.4.3-foss-2019b-Python-3.7.4 => matplotlib/3.1.1-foss-2019b-Python-3.7.4

[I 2023-11-29 11:17:11.723 ServerApp] jupyterlab | extension was successfully linked.
[I 2023-11-29 11:17:12.045 LabApp] JupyterLab extension loaded from /gpfs/projects/bsc32/software/suselinux/11/software/jupyterlab/3.0.9-foss-2019b-Python-3.7.4/lib/python3.7/site-packages/jupyterlab
[I 2023-11-29 11:17:12.045 LabApp] JupyterLab application directory is /.statelite/tmpfs/gpfs/projects/bsc32/software/suselinux/11/software/jupyterlab/3.0.9-foss-2019b-Python-3.7.4/share/jupyter/lab
[I 2023-11-29 11:17:12.050 ServerApp] jupyterlab | extension was successfully loaded.
[I 2023-11-29 11:17:12.050 ServerApp] Serving notebooks from local directory: /.statelite/tmpfs/gpfs/archive/bsc32/esarchive/obs/ghost/scripts/Providentia-interactive
[I 2023-11-29 11:17:12.050 ServerApp] Jupyter Server 1.4.1 is running at:
[I 2023-11-29 11:17:12.050 ServerApp] http://s03r1b24:8254/lab?token=31c25621d367fd5ef7e187a99ef82dd17b6cbcbcd31ede6d
[I 2023-11-29 11:17:12.050 ServerApp]  or http://127.0.0.1:8254/lab?token=31c25621d367fd5ef7e187a99ef82dd17b6cbcbcd31ede6d
[I 2023-11-29 11:17:12.050 ServerApp] Use Control-C to stop this server and shut down all kernels (twice to skip confirmation).
[C 2023-11-29 11:17:12.070 ServerApp] 
    
    To access the server, open this file in a browser:
        file:///.statelite/tmpfs/gpfs/home/bsc32/bsc32025/.local/share/jupyter/runtime/jpserver-2763436-open.html
    Or copy and paste one of these URLs:
        http://s03r1b24:8254/lab?token=31c25621d367fd5ef7e187a99ef82dd17b6cbcbcd31ede6d
     or http://127.0.0.1:8254/lab?token=31c25621d367fd5ef7e187a99ef82dd17b6cbcbcd31ede6d
[I 2023-11-29 11:17:49.621 LabApp] Build is up to date
[I 2023-11-29 11:17:52.360 ServerApp] Kernel started: b04215f6-139b-4a5f-be44-c6eb85c01ef1
[I 2023-11-29 11:17:57.127 ServerApp] Kernel restarted: b04215f6-139b-4a5f-be44-c6eb85c01ef1
[W 2023-11-29 11:18:04.246 ServerApp] Got events for closed stream None
[I 2023-11-29 11:18:17.543 ServerApp] Kernel restarted: b04215f6-139b-4a5f-be44-c6eb85c01ef1
[I 2023-11-29 11:19:51.906 ServerApp] Saving file at /notebooks/test_interactive.ipynb
[I 2023-11-29 11:21:54.281 ServerApp] Saving file at /notebooks/test_interactive.ipynb
[I 2023-11-29 12:41:16.725 ServerApp] Saving file at /notebooks/test_interactive.ipynb
[I 2023-11-29 12:43:16.814 ServerApp] Saving file at /notebooks/test_interactive.ipynb
[I 2023-11-29 12:50:54.821 ServerApp] Kernel restarted: b04215f6-139b-4a5f-be44-c6eb85c01ef1
[W 2023-11-29 12:50:59.356 ServerApp] Nudge: attempt 10 on kernel b04215f6-139b-4a5f-be44-c6eb85c01ef1
[W 2023-11-29 12:51:01.348 ServerApp] Got events for closed stream None
[I 2023-11-29 12:51:17.750 ServerApp] Saving file at /notebooks/test_interactive.ipynb
[I 2023-11-29 12:53:18.040 ServerApp] Saving file at /notebooks/test_interactive.ipynb
[I 2023-11-29 12:53:39.222 ServerApp] Kernel restarted: b04215f6-139b-4a5f-be44-c6eb85c01ef1
[W 2023-11-29 12:53:43.760 ServerApp] Nudge: attempt 10 on kernel b04215f6-139b-4a5f-be44-c6eb85c01ef1
[W 2023-11-29 12:53:48.773 ServerApp] Nudge: attempt 20 on kernel b04215f6-139b-4a5f-be44-c6eb85c01ef1
[W 2023-11-29 12:53:53.785 ServerApp] Nudge: attempt 30 on kernel b04215f6-139b-4a5f-be44-c6eb85c01ef1
[I 2023-11-29 12:55:18.146 ServerApp] Saving file at /notebooks/test_interactive.ipynb
[I 2023-11-29 12:55:26.501 ServerApp] Kernel restarted: b04215f6-139b-4a5f-be44-c6eb85c01ef1
[W 2023-11-29 12:55:31.037 ServerApp] Nudge: attempt 10 on kernel b04215f6-139b-4a5f-be44-c6eb85c01ef1
[I 2023-11-29 12:57:18.804 ServerApp] Saving file at /notebooks/test_interactive.ipynb
[I 2023-11-29 12:58:40.947 ServerApp] Kernel restarted: b04215f6-139b-4a5f-be44-c6eb85c01ef1
[W 2023-11-29 12:58:45.485 ServerApp] Nudge: attempt 10 on kernel b04215f6-139b-4a5f-be44-c6eb85c01ef1
[W 2023-11-29 12:58:50.499 ServerApp] Nudge: attempt 20 on kernel b04215f6-139b-4a5f-be44-c6eb85c01ef1
[I 2023-11-29 12:59:18.913 ServerApp] Saving file at /notebooks/test_interactive.ipynb
[I 2023-11-29 13:01:19.009 ServerApp] Saving file at /notebooks/test_interactive.ipynb
[I 2023-11-29 13:14:24.492 ServerApp] Kernel restarted: b04215f6-139b-4a5f-be44-c6eb85c01ef1
[W 2023-11-29 13:14:29.034 ServerApp] Nudge: attempt 10 on kernel b04215f6-139b-4a5f-be44-c6eb85c01ef1
[W 2023-11-29 13:14:34.047 ServerApp] Nudge: attempt 20 on kernel b04215f6-139b-4a5f-be44-c6eb85c01ef1
[W 2023-11-29 13:14:39.058 ServerApp] Nudge: attempt 30 on kernel b04215f6-139b-4a5f-be44-c6eb85c01ef1
[W 2023-11-29 13:14:44.093 ServerApp] Nudge: attempt 40 on kernel b04215f6-139b-4a5f-be44-c6eb85c01ef1
[W 2023-11-29 13:14:49.105 ServerApp] Nudge: attempt 50 on kernel b04215f6-139b-4a5f-be44-c6eb85c01ef1
[I 2023-11-29 13:15:23.706 ServerApp] Saving file at /notebooks/test_interactive.ipynb
[I 2023-11-29 13:17:25.177 ServerApp] Saving file at /notebooks/test_interactive.ipynb
slurmstepd: error: *** JOB 2624131 ON s03r1b24 CANCELLED AT 2023-11-29T13:21:55 DUE TO TIME LIMIT ***
