
The following have been reloaded with a version change:
  1) matplotlib/3.4.3-foss-2019b-Python-3.7.4 => matplotlib/3.1.1-foss-2019b-Python-3.7.4

[I 2023-11-21 17:49:27.903 ServerApp] jupyterlab | extension was successfully linked.
[I 2023-11-21 17:49:27.954 ServerApp] Writing notebook server cookie secret to /.statelite/tmpfs/gpfs/home/bsc32/bsc32025/.local/share/jupyter/runtime/jupyter_cookie_secret
[I 2023-11-21 17:49:28.326 LabApp] JupyterLab extension loaded from /gpfs/projects/bsc32/software/suselinux/11/software/jupyterlab/3.0.9-foss-2019b-Python-3.7.4/lib/python3.7/site-packages/jupyterlab
[I 2023-11-21 17:49:28.326 LabApp] JupyterLab application directory is /.statelite/tmpfs/gpfs/projects/bsc32/software/suselinux/11/software/jupyterlab/3.0.9-foss-2019b-Python-3.7.4/share/jupyter/lab
[I 2023-11-21 17:49:28.331 ServerApp] jupyterlab | extension was successfully loaded.
[I 2023-11-21 17:49:28.331 ServerApp] Serving notebooks from local directory: /.statelite/tmpfs/gpfs/archive/bsc32/esarchive/obs/ghost/scripts/Providentia-interactive
[I 2023-11-21 17:49:28.331 ServerApp] Jupyter Server 1.4.1 is running at:
[I 2023-11-21 17:49:28.331 ServerApp] http://s03r2b70:9016/lab?token=0454dee025f12715d5d9127cf5d02928af122e3cf441d08a
[I 2023-11-21 17:49:28.331 ServerApp]  or http://127.0.0.1:9016/lab?token=0454dee025f12715d5d9127cf5d02928af122e3cf441d08a
[I 2023-11-21 17:49:28.331 ServerApp] Use Control-C to stop this server and shut down all kernels (twice to skip confirmation).
[C 2023-11-21 17:49:28.340 ServerApp] 
    
    To access the server, open this file in a browser:
        file:///.statelite/tmpfs/gpfs/home/bsc32/bsc32025/.local/share/jupyter/runtime/jpserver-2392250-open.html
    Or copy and paste one of these URLs:
        http://s03r2b70:9016/lab?token=0454dee025f12715d5d9127cf5d02928af122e3cf441d08a
     or http://127.0.0.1:9016/lab?token=0454dee025f12715d5d9127cf5d02928af122e3cf441d08a
[I 2023-11-21 17:50:02.856 LabApp] Build is up to date
[I 2023-11-21 17:50:17.245 ServerApp] Creating new notebook in 
[I 2023-11-21 17:50:17.284 ServerApp] Writing notebook-signing key to /.statelite/tmpfs/gpfs/home/bsc32/bsc32025/.local/share/jupyter/notebook_secret
[I 2023-11-21 17:50:22.898 ServerApp] Kernel started: 0ba020c6-f55f-4241-9255-1962f13429e5
[W 2023-11-21 17:50:28.666 ServerApp] Got events for closed stream None
[I 2023-11-21 17:52:24.575 ServerApp] Saving file at /Untitled.ipynb
[I 2023-11-21 17:54:24.633 ServerApp] Saving file at /Untitled.ipynb
[I 2023-11-21 17:56:23.300 ServerApp] Kernel started: cb94eb8b-03e2-42e1-b30e-5b7aa84e4857
[I 2023-11-21 17:56:31.336 ServerApp] Kernel restarted: cb94eb8b-03e2-42e1-b30e-5b7aa84e4857
[I 2023-11-21 17:56:31.350 ServerApp] Starting buffering for cb94eb8b-03e2-42e1-b30e-5b7aa84e4857:6419a185-6cc9-4f2e-82b8-3528edddaff6
[I 2023-11-21 17:56:31.414 ServerApp] Restoring connection for cb94eb8b-03e2-42e1-b30e-5b7aa84e4857:6419a185-6cc9-4f2e-82b8-3528edddaff6
[I 2023-11-21 17:56:36.310 ServerApp] Kernel restarted: cb94eb8b-03e2-42e1-b30e-5b7aa84e4857
[I 2023-11-21 17:56:36.322 ServerApp] Starting buffering for cb94eb8b-03e2-42e1-b30e-5b7aa84e4857:6419a185-6cc9-4f2e-82b8-3528edddaff6
[I 2023-11-21 17:56:36.446 ServerApp] Restoring connection for cb94eb8b-03e2-42e1-b30e-5b7aa84e4857:6419a185-6cc9-4f2e-82b8-3528edddaff6
[I 2023-11-21 17:57:12.309 ServerApp] Kernel restarted: cb94eb8b-03e2-42e1-b30e-5b7aa84e4857
[I 2023-11-21 17:57:12.319 ServerApp] Starting buffering for cb94eb8b-03e2-42e1-b30e-5b7aa84e4857:6419a185-6cc9-4f2e-82b8-3528edddaff6
[I 2023-11-21 17:57:12.390 ServerApp] Restoring connection for cb94eb8b-03e2-42e1-b30e-5b7aa84e4857:6419a185-6cc9-4f2e-82b8-3528edddaff6
[I 2023-11-21 17:57:36.839 ServerApp] Kernel restarted: cb94eb8b-03e2-42e1-b30e-5b7aa84e4857
[I 2023-11-21 17:57:36.870 ServerApp] Starting buffering for cb94eb8b-03e2-42e1-b30e-5b7aa84e4857:6419a185-6cc9-4f2e-82b8-3528edddaff6
[I 2023-11-21 17:57:36.902 ServerApp] Restoring connection for cb94eb8b-03e2-42e1-b30e-5b7aa84e4857:6419a185-6cc9-4f2e-82b8-3528edddaff6
[I 2023-11-21 17:58:23.108 ServerApp] Saving file at /notebooks/test.ipynb
[I 2023-11-21 18:00:23.196 ServerApp] Saving file at /notebooks/test.ipynb
[I 2023-11-21 18:00:36.068 ServerApp] Kernel restarted: cb94eb8b-03e2-42e1-b30e-5b7aa84e4857
[I 2023-11-21 18:00:36.187 ServerApp] Starting buffering for cb94eb8b-03e2-42e1-b30e-5b7aa84e4857:6419a185-6cc9-4f2e-82b8-3528edddaff6
[I 2023-11-21 18:00:36.258 ServerApp] Restoring connection for cb94eb8b-03e2-42e1-b30e-5b7aa84e4857:6419a185-6cc9-4f2e-82b8-3528edddaff6
[W 2023-11-21 18:00:40.768 ServerApp] Nudge: attempt 10 on kernel cb94eb8b-03e2-42e1-b30e-5b7aa84e4857
[I 2023-11-21 18:02:23.263 ServerApp] Saving file at /notebooks/test.ipynb
[I 2023-11-21 18:08:23.352 ServerApp] Saving file at /notebooks/test.ipynb
[W 2023-11-21 18:52:36.260 ServerApp] WebSocket ping timeout after 119951 ms.
[I 2023-11-21 18:52:41.262 ServerApp] Starting buffering for cb94eb8b-03e2-42e1-b30e-5b7aa84e4857:6419a185-6cc9-4f2e-82b8-3528edddaff6
[W 2023-11-21 18:52:55.630 ServerApp] WebSocket ping timeout after 119992 ms.
[I 2023-11-21 18:53:00.631 ServerApp] Starting buffering for 0ba020c6-f55f-4241-9255-1962f13429e5:efe4a9fb-d60d-4290-9aa4-2848077ee6d9
slurmstepd: error: *** JOB 2601656 ON s03r2b70 CANCELLED AT 2023-11-21T19:40:05 ***
