remove mkl/2021.4 (LD_LIBRARY_PATH)
remove impi/2021.4 (PATH, MANPATH, LD_LIBRARY_PATH)

The following have been reloaded with a version change:
  1) matplotlib/3.4.3-foss-2019b-Python-3.7.4 => matplotlib/3.1.1-foss-2019b-Python-3.7.4

[I 2023-11-29 01:50:57.957 ServerApp] jupyterlab | extension was successfully linked.
[I 2023-11-29 01:50:58.301 LabApp] JupyterLab extension loaded from /gpfs/projects/bsc32/software/suselinux/11/software/jupyterlab/3.0.9-foss-2019b-Python-3.7.4/lib/python3.7/site-packages/jupyterlab
[I 2023-11-29 01:50:58.301 LabApp] JupyterLab application directory is /.statelite/tmpfs/gpfs/projects/bsc32/software/suselinux/11/software/jupyterlab/3.0.9-foss-2019b-Python-3.7.4/share/jupyter/lab
[I 2023-11-29 01:50:58.306 ServerApp] jupyterlab | extension was successfully loaded.
[I 2023-11-29 01:50:58.307 ServerApp] Serving notebooks from local directory: /.statelite/tmpfs/gpfs/archive/bsc32/esarchive/obs/ghost/scripts/Providentia-interactive
[I 2023-11-29 01:50:58.307 ServerApp] Jupyter Server 1.4.1 is running at:
[I 2023-11-29 01:50:58.307 ServerApp] http://s05r1b51:9307/lab?token=d8473914b85ee97f8ae49eefeaf56281f9f9e3eef02367b0
[I 2023-11-29 01:50:58.307 ServerApp]  or http://127.0.0.1:9307/lab?token=d8473914b85ee97f8ae49eefeaf56281f9f9e3eef02367b0
[I 2023-11-29 01:50:58.307 ServerApp] Use Control-C to stop this server and shut down all kernels (twice to skip confirmation).
[C 2023-11-29 01:50:58.316 ServerApp] 
    
    To access the server, open this file in a browser:
        file:///.statelite/tmpfs/gpfs/home/bsc32/bsc32025/.local/share/jupyter/runtime/jpserver-2420358-open.html
    Or copy and paste one of these URLs:
        http://s05r1b51:9307/lab?token=d8473914b85ee97f8ae49eefeaf56281f9f9e3eef02367b0
     or http://127.0.0.1:9307/lab?token=d8473914b85ee97f8ae49eefeaf56281f9f9e3eef02367b0
[I 2023-11-29 01:51:41.646 LabApp] Build is up to date
[I 2023-11-29 01:51:44.310 ServerApp] Kernel started: fb0feec0-ae25-443b-8e94-33525cc875e9
[I 2023-11-29 01:51:51.341 ServerApp] Kernel restarted: fb0feec0-ae25-443b-8e94-33525cc875e9
[I 2023-11-29 01:51:55.395 ServerApp] Kernel restarted: fb0feec0-ae25-443b-8e94-33525cc875e9
[I 2023-11-29 01:52:03.188 ServerApp] Kernel interrupted: fb0feec0-ae25-443b-8e94-33525cc875e9
[I 2023-11-29 01:52:04.249 ServerApp] Kernel interrupted: fb0feec0-ae25-443b-8e94-33525cc875e9
[I 2023-11-29 01:52:04.431 ServerApp] Kernel interrupted: fb0feec0-ae25-443b-8e94-33525cc875e9
[I 2023-11-29 01:52:10.257 ServerApp] Kernel restarted: fb0feec0-ae25-443b-8e94-33525cc875e9
[I 2023-11-29 01:53:43.945 ServerApp] Saving file at /notebooks/test_interactive.ipynb
[I 2023-11-29 01:55:45.654 ServerApp] Saving file at /notebooks/test_interactive.ipynb
[I 2023-11-29 01:57:38.823 ServerApp] Kernel restarted: fb0feec0-ae25-443b-8e94-33525cc875e9
[I 2023-11-29 01:57:42.664 ServerApp] Kernel restarted: fb0feec0-ae25-443b-8e94-33525cc875e9
[W 2023-11-29 01:57:42.791 ServerApp] Replacing stale connection: fb0feec0-ae25-443b-8e94-33525cc875e9:15de1615-5e2b-40e1-929c-d968e3cbb63c
[W 2023-11-29 01:57:42.930 ServerApp] Got events for closed stream None
[W 2023-11-29 01:57:42.930 ServerApp] Got events for closed stream None
[W 2023-11-29 01:57:42.930 ServerApp] Got events for closed stream None
[W 2023-11-29 01:57:42.931 ServerApp] Got events for closed stream None
[W 2023-11-29 01:57:42.931 ServerApp] Got events for closed stream None
[W 2023-11-29 01:57:42.931 ServerApp] Got events for closed stream None
[W 2023-11-29 01:57:42.931 ServerApp] Got events for closed stream None
[W 2023-11-29 01:57:42.931 ServerApp] Got events for closed stream None
[W 2023-11-29 01:57:42.931 ServerApp] Got events for closed stream None
[W 2023-11-29 01:57:42.931 ServerApp] Got events for closed stream None
[W 2023-11-29 01:57:42.931 ServerApp] Got events for closed stream None
[W 2023-11-29 01:57:42.931 ServerApp] Got events for closed stream None
[W 2023-11-29 01:57:42.931 ServerApp] Got events for closed stream None
[W 2023-11-29 01:57:42.943 ServerApp] Got events for closed stream None
[W 2023-11-29 01:57:42.943 ServerApp] Got events for closed stream None
[W 2023-11-29 01:57:42.943 ServerApp] Got events for closed stream None
[W 2023-11-29 01:57:42.943 ServerApp] Got events for closed stream None
[W 2023-11-29 01:57:42.943 ServerApp] Got events for closed stream None
[I 2023-11-29 01:57:45.774 ServerApp] Saving file at /notebooks/test_interactive.ipynb
[W 2023-11-29 01:57:47.456 ServerApp] Nudge: attempt 10 on kernel fb0feec0-ae25-443b-8e94-33525cc875e9
[I 2023-11-29 01:59:45.906 ServerApp] Saving file at /notebooks/test_interactive.ipynb
[I 2023-11-29 02:03:13.382 ServerApp] Kernel restarted: fb0feec0-ae25-443b-8e94-33525cc875e9
[W 2023-11-29 02:03:17.985 ServerApp] Nudge: attempt 10 on kernel fb0feec0-ae25-443b-8e94-33525cc875e9
[W 2023-11-29 02:03:22.996 ServerApp] Nudge: attempt 20 on kernel fb0feec0-ae25-443b-8e94-33525cc875e9
[W 2023-11-29 02:03:28.007 ServerApp] Nudge: attempt 30 on kernel fb0feec0-ae25-443b-8e94-33525cc875e9
[I 2023-11-29 02:03:47.755 ServerApp] Saving file at /notebooks/test_interactive.ipynb
[I 2023-11-29 02:05:48.286 ServerApp] Saving file at /notebooks/test_interactive.ipynb
[I 2023-11-29 02:08:48.929 ServerApp] Kernel restarted: fb0feec0-ae25-443b-8e94-33525cc875e9
[W 2023-11-29 02:08:53.552 ServerApp] Nudge: attempt 10 on kernel fb0feec0-ae25-443b-8e94-33525cc875e9
[W 2023-11-29 02:08:58.563 ServerApp] Nudge: attempt 20 on kernel fb0feec0-ae25-443b-8e94-33525cc875e9
[I 2023-11-29 02:09:48.714 ServerApp] Saving file at /notebooks/test_interactive.ipynb
[I 2023-11-29 02:11:49.009 ServerApp] Saving file at /notebooks/test_interactive.ipynb
slurmstepd: error: *** JOB 2623152 ON s05r1b51 CANCELLED AT 2023-11-29T03:55:42 DUE TO TIME LIMIT ***
