
The following have been reloaded with a version change:
  1) matplotlib/3.4.3-foss-2019b-Python-3.7.4 => matplotlib/3.1.1-foss-2019b-Python-3.7.4

[I 2023-11-28 01:00:55.174 ServerApp] jupyterlab | extension was successfully linked.
[I 2023-11-28 01:00:55.736 LabApp] JupyterLab extension loaded from /gpfs/projects/bsc32/software/suselinux/11/software/jupyterlab/3.0.9-foss-2019b-Python-3.7.4/lib/python3.7/site-packages/jupyterlab
[I 2023-11-28 01:00:55.736 LabApp] JupyterLab application directory is /.statelite/tmpfs/gpfs/projects/bsc32/software/suselinux/11/software/jupyterlab/3.0.9-foss-2019b-Python-3.7.4/share/jupyter/lab
[I 2023-11-28 01:00:55.741 ServerApp] jupyterlab | extension was successfully loaded.
[I 2023-11-28 01:00:55.741 ServerApp] Serving notebooks from local directory: /.statelite/tmpfs/gpfs/archive/bsc32/esarchive/obs/ghost/scripts/Providentia-interactive
[I 2023-11-28 01:00:55.742 ServerApp] Jupyter Server 1.4.1 is running at:
[I 2023-11-28 01:00:55.742 ServerApp] http://s05r1b72:8799/lab?token=826bf33548de36f6a376a135679a9f1b89d4519147464263
[I 2023-11-28 01:00:55.742 ServerApp]  or http://127.0.0.1:8799/lab?token=826bf33548de36f6a376a135679a9f1b89d4519147464263
[I 2023-11-28 01:00:55.742 ServerApp] Use Control-C to stop this server and shut down all kernels (twice to skip confirmation).
[C 2023-11-28 01:00:55.754 ServerApp] 
    
    To access the server, open this file in a browser:
        file:///.statelite/tmpfs/gpfs/home/bsc32/bsc32025/.local/share/jupyter/runtime/jpserver-2032245-open.html
    Or copy and paste one of these URLs:
        http://s05r1b72:8799/lab?token=826bf33548de36f6a376a135679a9f1b89d4519147464263
     or http://127.0.0.1:8799/lab?token=826bf33548de36f6a376a135679a9f1b89d4519147464263
[I 2023-11-28 01:01:29.374 LabApp] Build is up to date
[I 2023-11-28 01:01:32.091 ServerApp] Kernel started: 6736df72-9987-4970-983f-8b50ee5ed496
[I 2023-11-28 01:02:15.936 ServerApp] Saving file at /notebooks/test_interactive.ipynb
[I 2023-11-28 01:04:16.433 ServerApp] Saving file at /notebooks/test_interactive.ipynb
[I 2023-11-28 01:08:16.746 ServerApp] Saving file at /notebooks/test_interactive.ipynb
[I 2023-11-28 01:08:47.644 ServerApp] Kernel restarted: 6736df72-9987-4970-983f-8b50ee5ed496
[I 2023-11-28 01:10:17.031 ServerApp] Saving file at /notebooks/test_interactive.ipynb
[I 2023-11-28 01:11:12.448 ServerApp] Kernel restarted: 6736df72-9987-4970-983f-8b50ee5ed496
[W 2023-11-28 01:11:17.143 ServerApp] Nudge: attempt 10 on kernel 6736df72-9987-4970-983f-8b50ee5ed496
[I 2023-11-28 01:12:17.305 ServerApp] Saving file at /notebooks/test_interactive.ipynb
[I 2023-11-28 01:14:08.429 ServerApp] Kernel restarted: 6736df72-9987-4970-983f-8b50ee5ed496
[W 2023-11-28 01:14:13.012 ServerApp] Nudge: attempt 10 on kernel 6736df72-9987-4970-983f-8b50ee5ed496
[I 2023-11-28 01:14:17.578 ServerApp] Saving file at /notebooks/test_interactive.ipynb
[I 2023-11-28 01:16:18.024 ServerApp] Saving file at /notebooks/test_interactive.ipynb
[I 2023-11-28 01:17:05.402 ServerApp] Starting buffering for 6736df72-9987-4970-983f-8b50ee5ed496:c6ddc00f-855d-40f5-a38f-72d8d7f41285
slurmstepd: error: *** JOB 2620557 ON s05r1b72 CANCELLED AT 2023-11-28T01:17:21 ***
