remove mkl/2021.4 (LD_LIBRARY_PATH)
remove impi/2021.4 (PATH, MANPATH, LD_LIBRARY_PATH)

The following have been reloaded with a version change:
  1) matplotlib/3.4.3-foss-2019b-Python-3.7.4 => matplotlib/3.1.1-foss-2019b-Python-3.7.4

[I 2023-11-30 16:30:34.359 ServerApp] jupyterlab | extension was successfully linked.
[I 2023-11-30 16:30:34.891 LabApp] JupyterLab extension loaded from /gpfs/projects/bsc32/software/suselinux/11/software/jupyterlab/3.0.9-foss-2019b-Python-3.7.4/lib/python3.7/site-packages/jupyterlab
[I 2023-11-30 16:30:34.891 LabApp] JupyterLab application directory is /.statelite/tmpfs/gpfs/projects/bsc32/software/suselinux/11/software/jupyterlab/3.0.9-foss-2019b-Python-3.7.4/share/jupyter/lab
[I 2023-11-30 16:30:34.896 ServerApp] jupyterlab | extension was successfully loaded.
[I 2023-11-30 16:30:34.897 ServerApp] Serving notebooks from local directory: /.statelite/tmpfs/gpfs/archive/bsc32/esarchive/obs/ghost/scripts/Providentia-interactive
[I 2023-11-30 16:30:34.897 ServerApp] Jupyter Server 1.4.1 is running at:
[I 2023-11-30 16:30:34.897 ServerApp] http://s04r2b59:9143/lab?token=7f080eee51a94baea9b68624163da1605bf7ab4f72d1ef71
[I 2023-11-30 16:30:34.897 ServerApp]  or http://127.0.0.1:9143/lab?token=7f080eee51a94baea9b68624163da1605bf7ab4f72d1ef71
[I 2023-11-30 16:30:34.897 ServerApp] Use Control-C to stop this server and shut down all kernels (twice to skip confirmation).
[C 2023-11-30 16:30:34.938 ServerApp] 
    
    To access the server, open this file in a browser:
        file:///.statelite/tmpfs/gpfs/home/bsc32/bsc32025/.local/share/jupyter/runtime/jpserver-1445577-open.html
    Or copy and paste one of these URLs:
        http://s04r2b59:9143/lab?token=7f080eee51a94baea9b68624163da1605bf7ab4f72d1ef71
     or http://127.0.0.1:9143/lab?token=7f080eee51a94baea9b68624163da1605bf7ab4f72d1ef71
[I 2023-11-30 16:31:11.599 LabApp] Build is up to date
[I 2023-11-30 16:31:13.932 ServerApp] Kernel started: 34520c39-8926-4d83-aef8-5ea27580f699
[W 2023-11-30 16:31:19.739 ServerApp] Got events for closed stream None
[I 2023-11-30 16:31:30.817 ServerApp] Kernel restarted: 34520c39-8926-4d83-aef8-5ea27580f699
[I 2023-11-30 16:31:38.761 ServerApp] Kernel restarted: 34520c39-8926-4d83-aef8-5ea27580f699
[I 2023-11-30 16:33:13.625 ServerApp] Saving file at /notebooks/test_interactive.ipynb
[I 2023-11-30 16:46:06.795 ServerApp] Kernel interrupted: 34520c39-8926-4d83-aef8-5ea27580f699
[I 2023-11-30 16:46:07.496 ServerApp] Kernel interrupted: 34520c39-8926-4d83-aef8-5ea27580f699
[I 2023-11-30 16:47:17.950 ServerApp] Saving file at /notebooks/test_interactive.ipynb
[I 2023-11-30 16:54:13.355 ServerApp] Kernel restarted: 34520c39-8926-4d83-aef8-5ea27580f699
[W 2023-11-30 16:54:17.972 ServerApp] Nudge: attempt 10 on kernel 34520c39-8926-4d83-aef8-5ea27580f699
[I 2023-11-30 16:55:27.777 ServerApp] Saving file at /notebooks/test_interactive.ipynb
