
The following have been reloaded with a version change:
  1) matplotlib/3.4.3-foss-2019b-Python-3.7.4 => matplotlib/3.1.1-foss-2019b-Python-3.7.4

[I 2023-11-21 21:15:33.536 ServerApp] jupyterlab | extension was successfully linked.
[I 2023-11-21 21:15:35.551 LabApp] JupyterLab extension loaded from /gpfs/projects/bsc32/software/suselinux/11/software/jupyterlab/3.0.9-foss-2019b-Python-3.7.4/lib/python3.7/site-packages/jupyterlab
[I 2023-11-21 21:15:35.551 LabApp] JupyterLab application directory is /.statelite/tmpfs/gpfs/projects/bsc32/software/suselinux/11/software/jupyterlab/3.0.9-foss-2019b-Python-3.7.4/share/jupyter/lab
[I 2023-11-21 21:15:35.582 ServerApp] jupyterlab | extension was successfully loaded.
[I 2023-11-21 21:15:35.582 ServerApp] Serving notebooks from local directory: /.statelite/tmpfs/gpfs/archive/bsc32/esarchive/obs/ghost/scripts/Providentia-interactive
[I 2023-11-21 21:15:35.582 ServerApp] Jupyter Server 1.4.1 is running at:
[I 2023-11-21 21:15:35.582 ServerApp] http://s03r2b65:8347/lab?token=610766c78c1bb118a60f90d0a1867064103538fa4237a6cf
[I 2023-11-21 21:15:35.582 ServerApp]  or http://127.0.0.1:8347/lab?token=610766c78c1bb118a60f90d0a1867064103538fa4237a6cf
[I 2023-11-21 21:15:35.582 ServerApp] Use Control-C to stop this server and shut down all kernels (twice to skip confirmation).
[C 2023-11-21 21:15:35.718 ServerApp] 
    
    To access the server, open this file in a browser:
        file:///.statelite/tmpfs/gpfs/home/bsc32/bsc32025/.local/share/jupyter/runtime/jpserver-1011820-open.html
    Or copy and paste one of these URLs:
        http://s03r2b65:8347/lab?token=610766c78c1bb118a60f90d0a1867064103538fa4237a6cf
     or http://127.0.0.1:8347/lab?token=610766c78c1bb118a60f90d0a1867064103538fa4237a6cf
[I 2023-11-21 21:19:10.393 LabApp] Build is up to date
[I 2023-11-21 21:19:16.326 ServerApp] Kernel started: 625da9f0-98c9-4406-947e-72fe6ce9e827
[I 2023-11-21 21:21:15.943 ServerApp] Saving file at /notebooks/test.ipynb
[I 2023-11-21 21:27:39.359 ServerApp] Saving file at /notebooks/test.ipynb
[I 2023-11-21 21:34:12.680 ServerApp] Starting buffering for 625da9f0-98c9-4406-947e-72fe6ce9e827:9f4a3392-803d-4645-8cc9-fb63019e4b43
[I 2023-11-21 21:34:12.866 ServerApp] Saving file at /notebooks/test.ipynb
[I 2023-11-21 21:40:12.541 ServerApp] Saving file at /notebooks/test.ipynb
[I 2023-11-21 21:46:24.445 LabApp] Build is up to date
[I 2023-11-21 21:46:30.699 LabApp] Build is up to date
slurmstepd: error: *** JOB 2602184 ON s03r2b65 CANCELLED AT 2023-11-21T23:19:21 DUE TO TIME LIMIT ***
