remove mkl/2021.4 (LD_LIBRARY_PATH)
remove impi/2021.4 (PATH, MANPATH, LD_LIBRARY_PATH)

The following have been reloaded with a version change:
  1) matplotlib/3.4.3-foss-2019b-Python-3.7.4 => matplotlib/3.1.1-foss-2019b-Python-3.7.4

[I 2023-11-21 19:41:44.072 ServerApp] jupyterlab | extension was successfully linked.
[I 2023-11-21 19:41:44.905 LabApp] JupyterLab extension loaded from /gpfs/projects/bsc32/software/suselinux/11/software/jupyterlab/3.0.9-foss-2019b-Python-3.7.4/lib/python3.7/site-packages/jupyterlab
[I 2023-11-21 19:41:44.905 LabApp] JupyterLab application directory is /.statelite/tmpfs/gpfs/projects/bsc32/software/suselinux/11/software/jupyterlab/3.0.9-foss-2019b-Python-3.7.4/share/jupyter/lab
[I 2023-11-21 19:41:44.912 ServerApp] jupyterlab | extension was successfully loaded.
[I 2023-11-21 19:41:44.913 ServerApp] Serving notebooks from local directory: /.statelite/tmpfs/gpfs/archive/bsc32/esarchive/obs/ghost/scripts/Providentia-interactive
[I 2023-11-21 19:41:44.913 ServerApp] Jupyter Server 1.4.1 is running at:
[I 2023-11-21 19:41:44.913 ServerApp] http://s03r2b65:9157/lab?token=35b1bf8cbd74d218cdef40adc2f067173873f5b82639cc16
[I 2023-11-21 19:41:44.913 ServerApp]  or http://127.0.0.1:9157/lab?token=35b1bf8cbd74d218cdef40adc2f067173873f5b82639cc16
[I 2023-11-21 19:41:44.913 ServerApp] Use Control-C to stop this server and shut down all kernels (twice to skip confirmation).
[C 2023-11-21 19:41:44.939 ServerApp] 
    
    To access the server, open this file in a browser:
        file:///.statelite/tmpfs/gpfs/home/bsc32/bsc32025/.local/share/jupyter/runtime/jpserver-1005799-open.html
    Or copy and paste one of these URLs:
        http://s03r2b65:9157/lab?token=35b1bf8cbd74d218cdef40adc2f067173873f5b82639cc16
     or http://127.0.0.1:9157/lab?token=35b1bf8cbd74d218cdef40adc2f067173873f5b82639cc16
[I 2023-11-21 19:52:51.125 LabApp] Build is up to date
[I 2023-11-21 19:52:53.816 ServerApp] Kernel started: baf985b9-c6bc-4021-bba2-5f1a49e367fb
[I 2023-11-21 19:52:59.555 ServerApp] Kernel restarted: baf985b9-c6bc-4021-bba2-5f1a49e367fb
[W 2023-11-21 19:53:01.523 ServerApp] Got events for closed stream None
[I 2023-11-21 19:53:05.677 ServerApp] Kernel restarted: baf985b9-c6bc-4021-bba2-5f1a49e367fb
[I 2023-11-21 19:53:18.742 ServerApp] Kernel interrupted: baf985b9-c6bc-4021-bba2-5f1a49e367fb
[I 2023-11-21 19:53:21.684 ServerApp] Kernel restarted: baf985b9-c6bc-4021-bba2-5f1a49e367fb
[I 2023-11-21 19:53:32.330 ServerApp] Kernel restarted: baf985b9-c6bc-4021-bba2-5f1a49e367fb
[I 2023-11-21 19:54:53.304 ServerApp] Saving file at /notebooks/test.ipynb
[I 2023-11-21 19:58:10.122 ServerApp] Saving file at /notebooks/test.ipynb
[W 2023-11-21 20:03:29.275 ServerApp] WebSocket ping timeout after 119960 ms.
[W 2023-11-21 20:03:32.408 ServerApp] WebSocket ping timeout after 119918 ms.
[I 2023-11-21 20:03:37.412 ServerApp] Starting buffering for baf985b9-c6bc-4021-bba2-5f1a49e367fb:b28cf19b-96f1-4d2b-8bf5-b19357db7b70
slurmstepd: error: *** JOB 2602113 ON s03r2b65 CANCELLED AT 2023-11-21T20:57:53 ***
