
The following have been reloaded with a version change:
  1) matplotlib/3.4.3-foss-2019b-Python-3.7.4 => matplotlib/3.1.1-foss-2019b-Python-3.7.4

[I 2023-11-28 15:02:28.135 ServerApp] jupyterlab | extension was successfully linked.
[I 2023-11-28 15:02:28.405 LabApp] JupyterLab extension loaded from /gpfs/projects/bsc32/software/suselinux/11/software/jupyterlab/3.0.9-foss-2019b-Python-3.7.4/lib/python3.7/site-packages/jupyterlab
[I 2023-11-28 15:02:28.405 LabApp] JupyterLab application directory is /.statelite/tmpfs/gpfs/projects/bsc32/software/suselinux/11/software/jupyterlab/3.0.9-foss-2019b-Python-3.7.4/share/jupyter/lab
[I 2023-11-28 15:02:28.410 ServerApp] jupyterlab | extension was successfully loaded.
[I 2023-11-28 15:02:28.410 ServerApp] Serving notebooks from local directory: /.statelite/tmpfs/gpfs/archive/bsc32/esarchive/obs/ghost/scripts/Providentia-interactive
[I 2023-11-28 15:02:28.410 ServerApp] Jupyter Server 1.4.1 is running at:
[I 2023-11-28 15:02:28.410 ServerApp] http://s05r1b37:9257/lab?token=207c1feef47d9eba7cd9618e146db486fc7c5d65779a5146
[I 2023-11-28 15:02:28.410 ServerApp]  or http://127.0.0.1:9257/lab?token=207c1feef47d9eba7cd9618e146db486fc7c5d65779a5146
[I 2023-11-28 15:02:28.411 ServerApp] Use Control-C to stop this server and shut down all kernels (twice to skip confirmation).
[C 2023-11-28 15:02:28.420 ServerApp] 
    
    To access the server, open this file in a browser:
        file:///.statelite/tmpfs/gpfs/home/bsc32/bsc32025/.local/share/jupyter/runtime/jpserver-2667852-open.html
    Or copy and paste one of these URLs:
        http://s05r1b37:9257/lab?token=207c1feef47d9eba7cd9618e146db486fc7c5d65779a5146
     or http://127.0.0.1:9257/lab?token=207c1feef47d9eba7cd9618e146db486fc7c5d65779a5146
[I 2023-11-28 15:03:22.225 LabApp] Build is up to date
[I 2023-11-28 15:03:25.905 ServerApp] Kernel started: 62199c1c-e3bf-4310-a05d-64ce4743e30b
[I 2023-11-28 15:05:23.755 ServerApp] Saving file at /notebooks/test_interactive.ipynb
[I 2023-11-28 15:13:38.729 ServerApp] Kernel restarted: 62199c1c-e3bf-4310-a05d-64ce4743e30b
[I 2023-11-28 15:15:25.044 ServerApp] Saving file at /notebooks/test_interactive.ipynb
[I 2023-11-28 15:15:48.621 ServerApp] Kernel restarted: 62199c1c-e3bf-4310-a05d-64ce4743e30b
[W 2023-11-28 15:15:53.251 ServerApp] Nudge: attempt 10 on kernel 62199c1c-e3bf-4310-a05d-64ce4743e30b
[I 2023-11-28 15:17:25.158 ServerApp] Saving file at /notebooks/test_interactive.ipynb
[W 2023-11-28 16:01:18.741 ServerApp] WebSocket ping timeout after 119941 ms.
[W 2023-11-28 16:01:28.176 ServerApp] WebSocket ping timeout after 119936 ms.
[I 2023-11-28 16:01:33.181 ServerApp] Starting buffering for 62199c1c-e3bf-4310-a05d-64ce4743e30b:a58a5c9f-7215-4038-ad2d-9bc1f78af8db
slurmstepd: error: *** JOB 2621722 ON s05r1b37 CANCELLED AT 2023-11-28T16:03:54 ***
